mode: set
github.com/RipperAcskt/innotaxi/internal/handler/users.go:26.46,31.16 4 0
github.com/RipperAcskt/innotaxi/internal/handler/users.go:45.2,46.135 2 0
github.com/RipperAcskt/innotaxi/internal/handler/users.go:31.16,32.51 1 0
github.com/RipperAcskt/innotaxi/internal/handler/users.go:38.3,42.9 3 0
github.com/RipperAcskt/innotaxi/internal/handler/users.go:32.51,37.4 2 0
github.com/RipperAcskt/innotaxi/internal/handler/users.go:61.49,66.42 4 0
github.com/RipperAcskt/innotaxi/internal/handler/users.go:74.2,75.16 2 0
github.com/RipperAcskt/innotaxi/internal/handler/users.go:89.2,90.135 2 0
github.com/RipperAcskt/innotaxi/internal/handler/users.go:66.42,72.3 3 0
github.com/RipperAcskt/innotaxi/internal/handler/users.go:75.16,76.51 1 0
github.com/RipperAcskt/innotaxi/internal/handler/users.go:82.3,86.9 3 0
github.com/RipperAcskt/innotaxi/internal/handler/users.go:76.51,81.4 2 0
github.com/RipperAcskt/innotaxi/internal/handler/users.go:103.46,108.16 4 0
github.com/RipperAcskt/innotaxi/internal/handler/users.go:121.2,122.130 2 0
github.com/RipperAcskt/innotaxi/internal/handler/users.go:108.16,109.51 1 0
github.com/RipperAcskt/innotaxi/internal/handler/users.go:115.3,119.9 3 0
github.com/RipperAcskt/innotaxi/internal/handler/users.go:109.51,114.4 2 0
github.com/RipperAcskt/innotaxi/internal/handler/auth.go:26.42,31.42 4 1
github.com/RipperAcskt/innotaxi/internal/handler/auth.go:39.2,40.16 2 1
github.com/RipperAcskt/innotaxi/internal/handler/auth.go:56.2,57.136 2 0
github.com/RipperAcskt/innotaxi/internal/handler/auth.go:31.42,37.3 3 0
github.com/RipperAcskt/innotaxi/internal/handler/auth.go:40.16,41.51 1 1
github.com/RipperAcskt/innotaxi/internal/handler/auth.go:49.3,53.9 3 0
github.com/RipperAcskt/innotaxi/internal/handler/auth.go:41.51,47.4 3 1
github.com/RipperAcskt/innotaxi/internal/handler/auth.go:69.42,74.42 4 1
github.com/RipperAcskt/innotaxi/internal/handler/auth.go:81.2,82.16 2 1
github.com/RipperAcskt/innotaxi/internal/handler/auth.go:97.2,102.136 4 1
github.com/RipperAcskt/innotaxi/internal/handler/auth.go:74.42,80.3 3 0
github.com/RipperAcskt/innotaxi/internal/handler/auth.go:82.16,83.99 1 1
github.com/RipperAcskt/innotaxi/internal/handler/auth.go:90.3,94.9 3 0
github.com/RipperAcskt/innotaxi/internal/handler/auth.go:83.99,89.4 3 1
github.com/RipperAcskt/innotaxi/internal/handler/auth.go:105.49,106.30 1 1
github.com/RipperAcskt/innotaxi/internal/handler/auth.go:106.30,108.21 2 1
github.com/RipperAcskt/innotaxi/internal/handler/auth.go:114.3,117.17 3 1
github.com/RipperAcskt/innotaxi/internal/handler/auth.go:138.3,138.35 1 1
github.com/RipperAcskt/innotaxi/internal/handler/auth.go:142.3,143.61 2 1
github.com/RipperAcskt/innotaxi/internal/handler/auth.go:148.3,148.11 1 1
github.com/RipperAcskt/innotaxi/internal/handler/auth.go:108.21,113.4 2 1
github.com/RipperAcskt/innotaxi/internal/handler/auth.go:117.17,118.47 1 0
github.com/RipperAcskt/innotaxi/internal/handler/auth.go:124.4,124.70 1 0
github.com/RipperAcskt/innotaxi/internal/handler/auth.go:131.4,135.10 3 0
github.com/RipperAcskt/innotaxi/internal/handler/auth.go:118.47,123.5 2 0
github.com/RipperAcskt/innotaxi/internal/handler/auth.go:124.70,129.5 2 0
github.com/RipperAcskt/innotaxi/internal/handler/auth.go:138.35,141.4 2 0
github.com/RipperAcskt/innotaxi/internal/handler/auth.go:143.61,146.4 2 0
github.com/RipperAcskt/innotaxi/internal/handler/auth.go:161.43,166.16 4 1
github.com/RipperAcskt/innotaxi/internal/handler/auth.go:181.2,182.16 2 1
github.com/RipperAcskt/innotaxi/internal/handler/auth.go:205.2,206.16 2 1
github.com/RipperAcskt/innotaxi/internal/handler/auth.go:214.2,219.135 4 1
github.com/RipperAcskt/innotaxi/internal/handler/auth.go:166.16,167.30 1 1
github.com/RipperAcskt/innotaxi/internal/handler/auth.go:174.3,178.9 3 0
github.com/RipperAcskt/innotaxi/internal/handler/auth.go:167.30,173.4 3 1
github.com/RipperAcskt/innotaxi/internal/handler/auth.go:182.16,183.46 1 1
github.com/RipperAcskt/innotaxi/internal/handler/auth.go:190.3,190.69 1 1
github.com/RipperAcskt/innotaxi/internal/handler/auth.go:198.3,202.9 3 0
github.com/RipperAcskt/innotaxi/internal/handler/auth.go:183.46,189.4 3 0
github.com/RipperAcskt/innotaxi/internal/handler/auth.go:190.69,196.4 3 1
github.com/RipperAcskt/innotaxi/internal/handler/auth.go:206.16,212.3 3 0
github.com/RipperAcskt/innotaxi/internal/handler/auth.go:231.42,235.9 4 1
github.com/RipperAcskt/innotaxi/internal/handler/auth.go:243.2,245.20 3 1
github.com/RipperAcskt/innotaxi/internal/handler/auth.go:252.2,255.16 3 1
github.com/RipperAcskt/innotaxi/internal/handler/auth.go:262.2,264.134 3 1
github.com/RipperAcskt/innotaxi/internal/handler/auth.go:235.9,241.3 3 0
github.com/RipperAcskt/innotaxi/internal/handler/auth.go:245.20,251.3 3 0
github.com/RipperAcskt/innotaxi/internal/handler/auth.go:255.16,261.3 3 0
github.com/RipperAcskt/innotaxi/internal/handler/handler.go:22.76,24.2 1 1
github.com/RipperAcskt/innotaxi/internal/handler/handler.go:26.45,45.2 13 0
