mode: set
github.com/RipperAcskt/innotaxi/internal/repo/postgres/postgres.go:25.49,27.16 2 0
github.com/RipperAcskt/innotaxi/internal/repo/postgres/postgres.go:31.2,32.16 2 0
github.com/RipperAcskt/innotaxi/internal/repo/postgres/postgres.go:36.2,37.16 2 0
github.com/RipperAcskt/innotaxi/internal/repo/postgres/postgres.go:41.2,42.16 2 0
github.com/RipperAcskt/innotaxi/internal/repo/postgres/postgres.go:46.2,50.8 1 0
github.com/RipperAcskt/innotaxi/internal/repo/postgres/postgres.go:27.16,29.3 1 0
github.com/RipperAcskt/innotaxi/internal/repo/postgres/postgres.go:32.16,34.3 1 0
github.com/RipperAcskt/innotaxi/internal/repo/postgres/postgres.go:37.16,39.3 1 0
github.com/RipperAcskt/innotaxi/internal/repo/postgres/postgres.go:42.16,44.3 1 0
github.com/RipperAcskt/innotaxi/internal/repo/postgres/postgres.go:53.34,55.2 1 0
github.com/RipperAcskt/innotaxi/internal/repo/postgres/postgres.go:57.83,63.16 5 1
github.com/RipperAcskt/innotaxi/internal/repo/postgres/postgres.go:68.2,69.16 2 1
github.com/RipperAcskt/innotaxi/internal/repo/postgres/postgres.go:72.2,72.12 1 1
github.com/RipperAcskt/innotaxi/internal/repo/postgres/postgres.go:63.16,66.3 1 0
github.com/RipperAcskt/innotaxi/internal/repo/postgres/postgres.go:69.16,71.3 1 0
github.com/RipperAcskt/innotaxi/internal/repo/postgres/postgres.go:75.114,84.16 6 1
github.com/RipperAcskt/innotaxi/internal/repo/postgres/postgres.go:93.2,93.19 1 1
github.com/RipperAcskt/innotaxi/internal/repo/postgres/postgres.go:84.16,86.27 1 0
github.com/RipperAcskt/innotaxi/internal/repo/postgres/postgres.go:90.3,90.49 1 0
github.com/RipperAcskt/innotaxi/internal/repo/postgres/postgres.go:86.27,88.4 1 0
github.com/RipperAcskt/innotaxi/internal/repo/postgres/postgres.go:96.85,102.16 5 1
github.com/RipperAcskt/innotaxi/internal/repo/postgres/postgres.go:109.2,109.18 1 1
github.com/RipperAcskt/innotaxi/internal/repo/postgres/postgres.go:102.16,103.27 1 0
github.com/RipperAcskt/innotaxi/internal/repo/postgres/postgres.go:106.3,106.62 1 0
github.com/RipperAcskt/innotaxi/internal/repo/postgres/postgres.go:103.27,105.4 1 0
github.com/RipperAcskt/innotaxi/internal/repo/postgres/postgres.go:112.91,117.16 4 1
github.com/RipperAcskt/innotaxi/internal/repo/postgres/postgres.go:121.2,122.16 2 1
github.com/RipperAcskt/innotaxi/internal/repo/postgres/postgres.go:125.2,125.14 1 1
github.com/RipperAcskt/innotaxi/internal/repo/postgres/postgres.go:128.2,128.12 1 1
github.com/RipperAcskt/innotaxi/internal/repo/postgres/postgres.go:117.16,119.3 1 0
github.com/RipperAcskt/innotaxi/internal/repo/postgres/postgres.go:122.16,124.3 1 0
github.com/RipperAcskt/innotaxi/internal/repo/postgres/postgres.go:125.14,127.3 1 1
github.com/RipperAcskt/innotaxi/internal/repo/postgres/postgres.go:131.73,136.16 4 1
github.com/RipperAcskt/innotaxi/internal/repo/postgres/postgres.go:140.2,141.16 2 1
github.com/RipperAcskt/innotaxi/internal/repo/postgres/postgres.go:144.2,144.14 1 1
github.com/RipperAcskt/innotaxi/internal/repo/postgres/postgres.go:147.2,147.12 1 1
github.com/RipperAcskt/innotaxi/internal/repo/postgres/postgres.go:136.16,138.3 1 0
github.com/RipperAcskt/innotaxi/internal/repo/postgres/postgres.go:141.16,143.3 1 0
github.com/RipperAcskt/innotaxi/internal/repo/postgres/postgres.go:144.14,146.3 1 1
